<?xml version="1.0" encoding="UTF-8"?>
<!-- Generated by org.testng.reporters.JUnitReportReporter -->
<testsuite hostname="SANDEEP" name="Functional_TestCase_HomePage.HomePage_Test" tests="1" failures="0" timestamp="20 Jan 2017 18:18:00 GMT" time="316.890" errors="0">
  <testcase name="HomePage" time="316.890" classname="Functional_TestCase_HomePage.HomePage_Test"/>
</testsuite> <!-- Functional_TestCase_HomePage.HomePage_Test -->
