<?xml version="1.0" encoding="UTF-8"?>
<!-- Generated by org.testng.reporters.JUnitReportReporter -->
<testsuite hostname="SANDEEP" name="Functional_TestCase_HomePage.msupply_HomePage_Test_1" tests="1" failures="0" timestamp="18 Jan 2017 19:20:58 GMT" time="101.628" errors="0">
  <testcase name="msupply_HomePage" time="101.628" classname="Functional_TestCase_HomePage.msupply_HomePage_Test_1"/>
</testsuite> <!-- Functional_TestCase_HomePage.msupply_HomePage_Test_1 -->
