<?xml version="1.0" encoding="UTF-8"?>
<!-- Generated by org.testng.reporters.JUnitReportReporter -->
<testsuite hostname="SANDEEP" name="Functional_TestCase_HomePage.msupply_HomePage_Test_1" tests="1" failures="0" timestamp="18 Jan 2017 20:44:34 GMT" time="1.598" errors="0">
  <testcase name="msupply_HomePage" time="1.598" classname="Functional_TestCase_HomePage.msupply_HomePage_Test_1"/>
</testsuite> <!-- Functional_TestCase_HomePage.msupply_HomePage_Test_1 -->
